<?xml version="1.0" encoding="utf-8"?>
<test-run id="2" testcasecount="15" result="Passed" total="15" passed="15" failed="0" inconclusive="0" skipped="0" asserts="0" engine-version="3.5.0.0" clr-version="4.0.30319.42000" start-time="2026-09-18 15:53:12Z" end-time="2026-09-18 15:53:12Z" duration="0.1247224">
  <test-suite type="TestSuite" id="1000" name="GameDemo" fullname="GameDemo" runstate="Runnable" testcasecount="15" result="Passed" start-time="2026-09-18 15:53:12Z" end-time="2026-09-18 15:53:12Z" duration="0.124722" total="15" passed="15" failed="0" inconclusive="0" skipped="0" asserts="0">
    <properties>
      <property name="platform" value="EditMode" />
    </properties>
    <test-suite type="Assembly" id="1020" name="OpenDay.Tests.EditMode.dll" fullname="/home/henry/Documents/Dissertation/Github/OpenDay-GameDemo/GameDemo/Library/ScriptAssemblies/OpenDay.Tests.EditMode.dll" runstate="Runnable" testcasecount="15" result="Passed" start-time="2026-09-18 15:53:12Z" end-time="2026-09-18 15:53:12Z" duration="0.112619" total="15" passed="15" failed="0" inconclusive="0" skipped="0" asserts="0">
      <properties>
        <property name="_PID" value="1242633" />
        <property name="_APPDOMAIN" value="Unity Child Domain" />
        <property name="platform" value="EditMode" />
        <property name="EditorOnly" value="True" />
      </properties>
      <test-suite type="TestSuite" id="1021" name="OpenDay" fullname="OpenDay" runstate="Runnable" testcasecount="15" result="Passed" start-time="2026-09-18 15:53:12Z" end-time="2026-09-18 15:53:12Z" duration="0.111685" total="15" passed="15" failed="0" inconclusive="0" skipped="0" asserts="0">
        <properties />
        <test-suite type="TestSuite" id="1022" name="Tests" fullname="OpenDay.Tests" runstate="Runnable" testcasecount="15" result="Passed" start-time="2026-09-18 15:53:12Z" end-time="2026-09-18 15:53:12Z" duration="0.111092" total="15" passed="15" failed="0" inconclusive="0" skipped="0" asserts="0">
          <properties />
          <test-suite type="TestSuite" id="1023" name="EditMode" fullname="OpenDay.Tests.EditMode" runstate="Runnable" testcasecount="15" result="Passed" start-time="2026-09-18 15:53:12Z" end-time="2026-09-18 15:53:12Z" duration="0.110428" total="15" passed="15" failed="0" inconclusive="0" skipped="0" asserts="0">
            <properties />
            <test-suite type="TestFixture" id="1017" name="KeyHolderTests" fullname="OpenDay.Tests.EditMode.KeyHolderTests" classname="OpenDay.Tests.EditMode.KeyHolderTests" runstate="Runnable" testcasecount="2" result="Passed" start-time="2026-09-18 15:53:12Z" end-time="2026-09-18 15:53:12Z" duration="0.061174" total="2" passed="2" failed="0" inconclusive="0" skipped="0" asserts="0">
              <properties />
              <test-case id="1018" name="Take_FirstKey_SetsHeldToThatTable" fullname="OpenDay.Tests.EditMode.KeyHolderTests.Take_FirstKey_SetsHeldToThatTable" methodname="Take_FirstKey_SetsHeldToThatTable" classname="OpenDay.Tests.EditMode.KeyHolderTests" runstate="Runnable" seed="865862153" result="Passed" start-time="2026-09-18 15:53:12Z" end-time="2026-09-18 15:53:12Z" duration="0.032667" asserts="0">
                <properties>
                  <property name="retryIteration" value="0" />
                  <property name="repeatIteration" value="0" />
                </properties>
                <output><![CDATA[Carrying the Customers primary key.
]]></output>
              </test-case>
              <test-case id="1019" name="Take_SecondKey_ReturnsFirstAndHeldReflectsSecond" fullname="OpenDay.Tests.EditMode.KeyHolderTests.Take_SecondKey_ReturnsFirstAndHeldReflectsSecond" methodname="Take_SecondKey_ReturnsFirstAndHeldReflectsSecond" classname="OpenDay.Tests.EditMode.KeyHolderTests" runstate="Runnable" seed="1344891101" result="Passed" start-time="2026-09-18 15:53:12Z" end-time="2026-09-18 15:53:12Z" duration="0.004051" asserts="0">
                <properties>
                  <property name="retryIteration" value="0" />
                  <property name="repeatIteration" value="0" />
                </properties>
                <output><![CDATA[Carrying the Customers primary key.
Carrying the Orders primary key.
]]></output>
              </test-case>
            </test-suite>
            <test-suite type="TestFixture" id="1013" name="PipelineGateTests" fullname="OpenDay.Tests.EditMode.PipelineGateTests" classname="OpenDay.Tests.EditMode.PipelineGateTests" runstate="Runnable" testcasecount="3" result="Passed" start-time="2026-09-18 15:53:12Z" end-time="2026-09-18 15:53:12Z" duration="0.011234" total="3" passed="3" failed="0" inconclusive="0" skipped="0" asserts="0">
              <properties />
              <test-case id="1016" name="ResetProgress_AfterPartialProgress_RequiresFullSequenceAgain" fullname="OpenDay.Tests.EditMode.PipelineGateTests.ResetProgress_AfterPartialProgress_RequiresFullSequenceAgain" methodname="ResetProgress_AfterPartialProgress_RequiresFullSequenceAgain" classname="OpenDay.Tests.EditMode.PipelineGateTests" runstate="Runnable" seed="1631067547" result="Passed" start-time="2026-09-18 15:53:12Z" end-time="2026-09-18 15:53:12Z" duration="0.006580" asserts="0">
                <properties>
                  <property name="retryIteration" value="0" />
                  <property name="repeatIteration" value="0" />
                </properties>
                <output><![CDATA[Stage run out of order — pipeline reset to the start.
Build passed the pipeline — deploy gate open.
]]></output>
              </test-case>
              <test-case id="1015" name="StageCompleted_ExactlyRequired_GateOpens" fullname="OpenDay.Tests.EditMode.PipelineGateTests.StageCompleted_ExactlyRequired_GateOpens" methodname="StageCompleted_ExactlyRequired_GateOpens" classname="OpenDay.Tests.EditMode.PipelineGateTests" runstate="Runnable" seed="30348118" result="Passed" start-time="2026-09-18 15:53:12Z" end-time="2026-09-18 15:53:12Z" duration="0.001772" asserts="0">
                <properties>
                  <property name="retryIteration" value="0" />
                  <property name="repeatIteration" value="0" />
                </properties>
                <output><![CDATA[Build passed the pipeline — deploy gate open.
]]></output>
              </test-case>
              <test-case id="1014" name="StageCompleted_FewerThanRequired_GateStaysClosed" fullname="OpenDay.Tests.EditMode.PipelineGateTests.StageCompleted_FewerThanRequired_GateStaysClosed" methodname="StageCompleted_FewerThanRequired_GateStaysClosed" classname="OpenDay.Tests.EditMode.PipelineGateTests" runstate="Runnable" seed="211167257" result="Passed" start-time="2026-09-18 15:53:12Z" end-time="2026-09-18 15:53:12Z" duration="0.000708" asserts="0">
                <properties>
                  <property name="retryIteration" value="0" />
                  <property name="repeatIteration" value="0" />
                </properties>
              </test-case>
            </test-suite>
            <test-suite type="TestFixture" id="1001" name="PlayerInventoryTests" fullname="OpenDay.Tests.EditMode.PlayerInventoryTests" classname="OpenDay.Tests.EditMode.PlayerInventoryTests" runstate="Runnable" testcasecount="5" result="Passed" start-time="2026-09-18 15:53:12Z" end-time="2026-09-18 15:53:12Z" duration="0.018010" total="5" passed="5" failed="0" inconclusive="0" skipped="0" asserts="0">
              <properties />
              <test-case id="1006" name="Awake_WithPendingResume_RestoresThoseModules" fullname="OpenDay.Tests.EditMode.PlayerInventoryTests.Awake_WithPendingResume_RestoresThoseModules" methodname="Awake_WithPendingResume_RestoresThoseModules" classname="OpenDay.Tests.EditMode.PlayerInventoryTests" runstate="Runnable" seed="777209" result="Passed" start-time="2026-09-18 15:53:12Z" end-time="2026-09-18 15:53:12Z" duration="0.005702" asserts="0">
                <properties>
                  <property name="retryIteration" value="0" />
                  <property name="repeatIteration" value="0" />
                </properties>
              </test-case>
              <test-case id="1003" name="Collect_DuplicateModule_ReturnsFalseAndDoesNotDuplicate" fullname="OpenDay.Tests.EditMode.PlayerInventoryTests.Collect_DuplicateModule_ReturnsFalseAndDoesNotDuplicate" methodname="Collect_DuplicateModule_ReturnsFalseAndDoesNotDuplicate" classname="OpenDay.Tests.EditMode.PlayerInventoryTests" runstate="Runnable" seed="941249966" result="Passed" start-time="2026-09-18 15:53:12Z" end-time="2026-09-18 15:53:12Z" duration="0.002584" asserts="0">
                <properties>
                  <property name="retryIteration" value="0" />
                  <property name="repeatIteration" value="0" />
                </properties>
                <output><![CDATA[Collected SoftwareEngineering key (1 total).
]]></output>
              </test-case>
              <test-case id="1002" name="Collect_NewModule_ReturnsTrueAndAddsToCollected" fullname="OpenDay.Tests.EditMode.PlayerInventoryTests.Collect_NewModule_ReturnsTrueAndAddsToCollected" methodname="Collect_NewModule_ReturnsTrueAndAddsToCollected" classname="OpenDay.Tests.EditMode.PlayerInventoryTests" runstate="Runnable" seed="18470485" result="Passed" start-time="2026-09-18 15:53:12Z" end-time="2026-09-18 15:53:12Z" duration="0.002708" asserts="0">
                <properties>
                  <property name="retryIteration" value="0" />
                  <property name="repeatIteration" value="0" />
                </properties>
                <output><![CDATA[Collected ObjectOrientedProgramming key (1 total).
]]></output>
              </test-case>
              <test-case id="1005" name="Collected_ReflectsExactlyWhatWasCollected" fullname="OpenDay.Tests.EditMode.PlayerInventoryTests.Collected_ReflectsExactlyWhatWasCollected" methodname="Collected_ReflectsExactlyWhatWasCollected" classname="OpenDay.Tests.EditMode.PlayerInventoryTests" runstate="Runnable" seed="2045938056" result="Passed" start-time="2026-09-18 15:53:12Z" end-time="2026-09-18 15:53:12Z" duration="0.003024" asserts="0">
                <properties>
                  <property name="retryIteration" value="0" />
                  <property name="repeatIteration" value="0" />
                </properties>
                <output><![CDATA[Collected ObjectOrientedProgramming key (1 total).
Collected Databases key (2 total).
]]></output>
              </test-case>
              <test-case id="1004" name="Has_ModuleNotCollected_ReturnsFalse" fullname="OpenDay.Tests.EditMode.PlayerInventoryTests.Has_ModuleNotCollected_ReturnsFalse" methodname="Has_ModuleNotCollected_ReturnsFalse" classname="OpenDay.Tests.EditMode.PlayerInventoryTests" runstate="Runnable" seed="1878206878" result="Passed" start-time="2026-09-18 15:53:12Z" end-time="2026-09-18 15:53:12Z" duration="0.000768" asserts="0">
                <properties>
                  <property name="retryIteration" value="0" />
                  <property name="repeatIteration" value="0" />
                </properties>
              </test-case>
            </test-suite>
            <test-suite type="TestFixture" id="1007" name="SaveSystemTests" fullname="OpenDay.Tests.EditMode.SaveSystemTests" classname="OpenDay.Tests.EditMode.SaveSystemTests" runstate="Runnable" testcasecount="5" result="Passed" start-time="2026-09-18 15:53:12Z" end-time="2026-09-18 15:53:12Z" duration="0.017410" total="5" passed="5" failed="0" inconclusive="0" skipped="0" asserts="0">
              <properties />
              <test-case id="1009" name="HasSave_FalseInitially_TrueAfterSave" fullname="OpenDay.Tests.EditMode.SaveSystemTests.HasSave_FalseInitially_TrueAfterSave" methodname="HasSave_FalseInitially_TrueAfterSave" classname="OpenDay.Tests.EditMode.SaveSystemTests" runstate="Runnable" seed="1174937311" result="Passed" start-time="2026-09-18 15:53:12Z" end-time="2026-09-18 15:53:12Z" duration="0.003295" asserts="0">
                <properties>
                  <property name="retryIteration" value="0" />
                  <property name="repeatIteration" value="0" />
                </properties>
              </test-case>
              <test-case id="1012" name="MusicVolume_ClampsToZeroOneRange" fullname="OpenDay.Tests.EditMode.SaveSystemTests.MusicVolume_ClampsToZeroOneRange" methodname="MusicVolume_ClampsToZeroOneRange" classname="OpenDay.Tests.EditMode.SaveSystemTests" runstate="Runnable" seed="1660308364" result="Passed" start-time="2026-09-18 15:53:12Z" end-time="2026-09-18 15:53:12Z" duration="0.004739" asserts="0">
                <properties>
                  <property name="retryIteration" value="0" />
                  <property name="repeatIteration" value="0" />
                </properties>
              </test-case>
              <test-case id="1008" name="Save_ThenTryLoad_RoundTripsLevelIndexAndModules" fullname="OpenDay.Tests.EditMode.SaveSystemTests.Save_ThenTryLoad_RoundTripsLevelIndexAndModules" methodname="Save_ThenTryLoad_RoundTripsLevelIndexAndModules" classname="OpenDay.Tests.EditMode.SaveSystemTests" runstate="Runnable" seed="819392077" result="Passed" start-time="2026-09-18 15:53:12Z" end-time="2026-09-18 15:53:12Z" duration="0.004714" asserts="0">
                <properties>
                  <property name="retryIteration" value="0" />
                  <property name="repeatIteration" value="0" />
                </properties>
              </test-case>
              <test-case id="1011" name="SetPendingResume_ThenConsume_ReturnsModulesOnce" fullname="OpenDay.Tests.EditMode.SaveSystemTests.SetPendingResume_ThenConsume_ReturnsModulesOnce" methodname="SetPendingResume_ThenConsume_ReturnsModulesOnce" classname="OpenDay.Tests.EditMode.SaveSystemTests" runstate="Runnable" seed="2076580205" result="Passed" start-time="2026-09-18 15:53:12Z" end-time="2026-09-18 15:53:12Z" duration="0.001009" asserts="0">
                <properties>
                  <property name="retryIteration" value="0" />
                  <property name="repeatIteration" value="0" />
                </properties>
              </test-case>
              <test-case id="1010" name="TryLoad_NoSaveExists_ReturnsFalse" fullname="OpenDay.Tests.EditMode.SaveSystemTests.TryLoad_NoSaveExists_ReturnsFalse" methodname="TryLoad_NoSaveExists_ReturnsFalse" classname="OpenDay.Tests.EditMode.SaveSystemTests" runstate="Runnable" seed="351270542" result="Passed" start-time="2026-09-18 15:53:12Z" end-time="2026-09-18 15:53:12Z" duration="0.000544" asserts="0">
                <properties>
                  <property name="retryIteration" value="0" />
                  <property name="repeatIteration" value="0" />
                </properties>
                <output><![CDATA[Saving results to: /home/henry/.config/unity3d/DefaultCompany/GameDemo/TestResults.xml
]]></output>
              </test-case>
            </test-suite>
          </test-suite>
        </test-suite>
      </test-suite>
    </test-suite>
  </test-suite>
</test-run>